\BOOKMARK [0][-]{Doc-Start}{Acknowledgements}{}% 1
\BOOKMARK [0][-]{chapter*.2}{List\040of\040Figures}{}% 2
\BOOKMARK [0][-]{chapter*.3}{List\040of\040Tables}{}% 3
\BOOKMARK [0][-]{chapter.1}{Handling\040general\040loadings}{}% 4
\BOOKMARK [1][-]{section.1.1}{Multiscale\040energy\040dissipation\040approach}{chapter.1}% 5
\BOOKMARK [1][-]{section.1.2}{Kinematic\040Hardening\040Models}{chapter.1}% 6
\BOOKMARK [1][-]{section.1.3}{Mean\040stress\040effect\040in\040local\040model}{chapter.1}% 7
\BOOKMARK [1][-]{section.1.4}{Weakening\040scales\040and\040yield\040function}{chapter.1}% 8
\BOOKMARK [1][-]{section.1.5}{Construction\040of\040an\040energy\040based\040fatigue\040approach}{chapter.1}% 9
\BOOKMARK [1][-]{section.1.6}{Nonlinearity\040of\040damage\040accumulation}{chapter.1}% 10
\BOOKMARK [1][-]{section.1.7}{Numerical\040strategy}{chapter.1}% 11
\BOOKMARK [1][-]{section.1.8}{Validation\040on\040recovery\040tests}{chapter.1}% 12
\BOOKMARK [1][-]{section.1.9}{Identification\040strategy}{chapter.1}% 13
\BOOKMARK [0][-]{chapter.2}{Numerical\040implementation\040and\040validation}{}% 14
\BOOKMARK [1][-]{section.2.1}{Experimental\040verification}{chapter.2}% 15
\BOOKMARK [1][-]{section.2.2}{Experimental\040validation\040of\040the\040model\040on\040aluminum\0406082\040T6}{chapter.2}% 16
\BOOKMARK [1][-]{section.2.3}{Experimental\040validation\040of\040the\040model\040on\04030NCD16\040steel}{chapter.2}% 17
\BOOKMARK [1][-]{section.2.4}{Experimental\040validation\040of\040the\040model\040on\040SM45C\040steel}{chapter.2}% 18
\BOOKMARK [1][-]{section.2.5}{Experimental\040validation\040of\040the\040model\040on\04010\040HNAP\040steel}{chapter.2}% 19
\BOOKMARK [1][-]{section.2.6}{Conclusions}{chapter.2}% 20
\BOOKMARK [0][-]{section.2.6}{References}{}% 21
